2025-11-07 21:58:03,366 - APPROVAL by hirthikbalaji2006@gmail.com: Req #1. Stock Raspberry Pi 4 14 -> 13
2025-11-07 21:58:11,549 - APPROVAL by hirthikbalaji2006@gmail.com: Req #5. Stock Raspberry Pi 4 13 -> 8
2025-11-07 21:58:17,175 - APPROVAL by hirthikbalaji2006@gmail.com: Req #2. Stock Arduino Uno 10 -> 9
2025-11-07 21:58:31,271 - APPROVAL by hirthikbalaji2006@gmail.com: Req #6. Stock Servo Motor (SG90) 45 -> 37
2025-11-07 21:58:56,553 - APPROVAL by hirthikbalaji2006@gmail.com: Req #3. Stock ESP32 -S3 20 -> 19
2025-11-07 21:59:04,807 - APPROVAL by hirthikbalaji2006@gmail.com: Req #4. Stock Breadboard 80 -> 79
2025-11-07 23:00:04,497 - MANUAL UPDATE by lab_tecnician@ch.amrita.edu: "Raspberry Pi 4". Total: 20->20, Avail: 8->0
2025-11-07 23:04:18,335 - MANUAL UPDATE by lab_tecnician@ch.amrita.edu: "Raspberry Pi 4". Total: 20->20, Avail: 0->1
2025-11-07 23:09:02,439 - APPROVAL by hirthikbalaji2006@gmail.com: Req #13. Stock Arduino Uno 9 -> 4
2025-11-07 23:29:35,587 - APPROVAL by hirthikbalaji2006@gmail.com: Req #16. Stock Raspberry Pi 4 1 -> 0
2025-11-07 23:29:49,652 - APPROVAL by hirthikbalaji2006@gmail.com: Req #15. Stock Arduino Uno 4 -> 3
2025-11-07 23:29:52,411 - APPROVAL by hirthikbalaji2006@gmail.com: Req #14. Stock Arduino Uno 3 -> 2
2025-11-07 23:50:52,996 - APPROVAL by hirthikbalaji2006@gmail.com: Req #23. Stock Arduino Uno 2 -> 0
2025-11-07 23:51:08,491 - APPROVAL by hirthikbalaji2006@gmail.com: Req #25. Stock Servo Motor (SG90) 37 -> 35
2025-11-07 23:51:08,491 - APPROVAL by hirthikbalaji2006@gmail.com: Req #26. Stock Breadboard 79 -> 76
2025-11-07 23:52:38,599 - COLLECTION by lab_tecnician@ch.amrita.edu: Req #26. Stock Breadboard 76 -> 79
2025-11-07 23:52:44,435 - COLLECTION by lab_tecnician@ch.amrita.edu: Req #16. Stock Raspberry Pi 4 0 -> 1
2025-11-07 23:52:50,139 - COLLECTION by lab_tecnician@ch.amrita.edu: Req #6. Stock Servo Motor (SG90) 35 -> 43
2025-11-07 23:52:53,492 - COLLECTION by lab_tecnician@ch.amrita.edu: Req #1. Stock Raspberry Pi 4 1 -> 2
2025-11-07 23:52:56,642 - COLLECTION by lab_tecnician@ch.amrita.edu: Req #2. Stock Arduino Uno 0 -> 1
2025-11-07 23:52:59,644 - COLLECTION by lab_tecnician@ch.amrita.edu: Req #4. Stock Breadboard 79 -> 80
2025-11-07 23:53:02,442 - COLLECTION by lab_tecnician@ch.amrita.edu: Req #13. Stock Arduino Uno 1 -> 6
2025-11-07 23:53:05,444 - COLLECTION by lab_tecnician@ch.amrita.edu: Req #5. Stock Raspberry Pi 4 2 -> 7
2025-11-07 23:53:08,259 - COLLECTION by lab_tecnician@ch.amrita.edu: Req #14. Stock Arduino Uno 6 -> 7
2025-11-07 23:53:11,171 - COLLECTION by lab_tecnician@ch.amrita.edu: Req #3. Stock ESP32 -S3 19 -> 20
2025-11-07 23:53:13,735 - COLLECTION by lab_tecnician@ch.amrita.edu: Req #15. Stock Arduino Uno 7 -> 8
2025-11-07 23:53:16,227 - COLLECTION by lab_tecnician@ch.amrita.edu: Req #23. Stock Arduino Uno 8 -> 10
2025-11-07 23:53:18,492 - COLLECTION by lab_tecnician@ch.amrita.edu: Req #25. Stock Servo Motor (SG90) 43 -> 45
2025-11-08 09:06:39,408 - APPROVAL by hirthikbalaji2006@gmail.com: Req #29. Stock Raspberry Pi 4 7 -> 6
2025-11-08 09:06:39,408 - APPROVAL by hirthikbalaji2006@gmail.com: Req #30. Stock ESP32 -S3 20 -> 19
2025-11-08 09:06:39,408 - APPROVAL by hirthikbalaji2006@gmail.com: Req #31. Stock Arduino Uno 10 -> 9
2025-11-08 09:06:39,408 - APPROVAL by hirthikbalaji2006@gmail.com: Req #32. Stock Servo Motor (SG90) 45 -> 38
2025-11-08 09:13:53,567 - APPROVAL by hirthikbalaji2006@gmail.com: Req #28. Stock Arduino Uno 9 -> 8
2025-11-08 09:17:10,762 - APPROVAL by hirthikbalaji2006@gmail.com: Req #27. Stock Raspberry Pi 4 6 -> 5
2025-11-08 09:18:49,871 - COLLECTION by lab_tecnician@ch.amrita.edu: Req #28. Stock Arduino Uno 8 -> 9
2025-11-08 09:18:53,713 - COLLECTION by lab_tecnician@ch.amrita.edu: Req #29. Stock Raspberry Pi 4 5 -> 6
2025-11-08 09:18:56,993 - COLLECTION by lab_tecnician@ch.amrita.edu: Req #30. Stock ESP32 -S3 19 -> 20
2025-11-08 09:18:59,918 - COLLECTION by lab_tecnician@ch.amrita.edu: Req #31. Stock Arduino Uno 9 -> 10
2025-11-08 09:19:03,546 - COLLECTION by lab_tecnician@ch.amrita.edu: Req #32. Stock Servo Motor (SG90) 38 -> 45
2025-11-08 09:45:37,177 - MANUAL UPDATE by lab_tecnician@ch.amrita.edu: "Raspberry Pi 4". Total: 20->20, Avail: 6->7
2025-11-08 09:49:51,525 - APPROVAL by hirthikbalaji2006@gmail.com: Req #33. Stock Servo Motor (SG90) 45 -> 40
2025-11-08 09:49:51,526 - APPROVAL by hirthikbalaji2006@gmail.com: Req #34. Stock Raspberry Pi 4 7 -> 6
2025-11-08 09:50:31,497 - COLLECTION by lab_tecnician@ch.amrita.edu: Req #34. Stock Raspberry Pi 4 6 -> 7
2025-11-08 09:56:12,608 - MANUAL UPDATE by lab_tecnician@ch.amrita.edu: "Raspberry Pi 4". Total: 20->21, Avail: 7->8
2025-11-08 09:56:45,646 - NEW COMPONENT by lab_tecnician@ch.amrita.edu: "Reaspberry pi 5" (ID: RASP5). Stock set to 20/20
2025-11-08 10:20:54,675 - COLLECTION by lab_tecnician@ch.amrita.edu: Req #27. Stock Raspberry Pi 4 8 -> 8 (0 working returned)
2025-11-08 12:11:30,500 - APPROVAL by hirthikbalaji2006@gmail.com: Req #35. Item Arduino Uno issued.
2025-11-08 12:11:30,501 - APPROVAL by hirthikbalaji2006@gmail.com: Req #36. Item Servo Motor (SG90) issued.
2025-11-08 12:11:30,501 - APPROVAL by hirthikbalaji2006@gmail.com: Req #35. Item Arduino Uno issued.
2025-11-08 12:11:30,501 - APPROVAL by hirthikbalaji2006@gmail.com: Req #36. Item Servo Motor (SG90) issued.
2025-11-08 14:56:16,023 - APPROVAL by hirthikbalaji2006@gmail.com: Req #37. Item Raspberry Pi 4 issued.
2025-11-08 14:56:16,024 - APPROVAL by hirthikbalaji2006@gmail.com: Req #38. Item Servo Motor (SG90) issued.
2025-11-08 14:56:16,024 - APPROVAL by hirthikbalaji2006@gmail.com: Req #37. Item Raspberry Pi 4 issued.
2025-11-08 14:56:16,024 - APPROVAL by hirthikbalaji2006@gmail.com: Req #38. Item Servo Motor (SG90) issued.
2025-11-12 13:00:24,524 - APPROVAL by lab_incharge@ch.amrita.edu: Req #39. Item Raspberry Pi 4 issued.
2025-11-12 13:00:24,524 - APPROVAL by lab_incharge@ch.amrita.edu: Req #40. Item Arduino Uno issued.
2025-11-12 13:02:51,238 - COLLECTION by lab_tecnician@ch.amrita.edu: Req #33. 5 working, 0 not working.
2025-11-12 13:03:03,019 - COLLECTION by lab_tecnician@ch.amrita.edu: Req #39. 1 working, 0 not working.
2025-11-12 13:03:19,806 - COLLECTION by lab_tecnician@ch.amrita.edu: Req #37. 1 working, 0 not working.
2025-11-12 13:04:07,137 - COLLECTION by lab_tecnician@ch.amrita.edu: Req #35. 2 working, 0 not working.
2025-11-12 13:04:16,226 - COLLECTION by lab_tecnician@ch.amrita.edu: Req #38. 5 working, 0 not working.
2025-11-12 13:04:24,524 - COLLECTION by lab_tecnician@ch.amrita.edu: Req #36. 8 working, 0 not working.
2025-11-12 13:04:31,562 - COLLECTION by lab_tecnician@ch.amrita.edu: Req #40. 1 working, 0 not working.
2025-11-12 13:09:24,241 - APPROVAL by lab_incharge@ch.amrita.edu: Req #42. Item Arduino Uno issued.
2025-11-12 13:09:24,241 - APPROVAL by lab_incharge@ch.amrita.edu: Req #43. Item Servo Motor (SG90) issued.
2025-11-12 13:12:23,435 - APPROVAL by lab_incharge@ch.amrita.edu: Req #44. Item Raspberry Pi 4 approved for issue.
2025-11-12 13:12:23,435 - APPROVAL by lab_incharge@ch.amrita.edu: Req #45. Item Ultrasonic Sensor approved for issue.
2025-11-12 13:12:41,377 - ISSUE by lab_tecnician@ch.amrita.edu: Req #42. Stock Arduino Uno issued 1 -> 2
2025-11-12 13:12:46,723 - ISSUE by lab_tecnician@ch.amrita.edu: Req #44. Stock Raspberry Pi 4 issued 0 -> 1
2025-11-12 13:12:49,106 - ISSUE by lab_tecnician@ch.amrita.edu: Req #45. Stock Ultrasonic Sensor issued 0 -> 1
2025-11-12 13:12:51,526 - ISSUE by lab_tecnician@ch.amrita.edu: Req #43. Stock Servo Motor (SG90) issued 1 -> 2
2025-11-12 13:13:24,646 - COLLECTION by lab_tecnician@ch.amrita.edu: Req #42. 1 working, 0 not working.
2025-11-12 13:13:31,751 - COLLECTION by lab_tecnician@ch.amrita.edu: Req #43. 1 working, 0 not working.
2025-11-12 13:13:39,042 - COLLECTION by lab_tecnician@ch.amrita.edu: Req #44. 1 working, 0 not working.
2025-11-12 13:13:46,090 - COLLECTION by lab_tecnician@ch.amrita.edu: Req #45. 1 working, 0 not working.
2025-11-12 14:43:25,709 - APPROVAL by lab_incharge@ch.amrita.edu: Req #46. Item Servo Motor (SG90) approved for issue.
2025-11-12 14:43:25,709 - APPROVAL by lab_incharge@ch.amrita.edu: Req #47. Item Breadboard approved for issue.
2025-11-12 14:43:46,451 - ISSUE by lab_tecnician@ch.amrita.edu: Req #46. Stock Servo Motor (SG90) issued 0 -> 1
2025-11-12 14:43:49,386 - ISSUE by lab_tecnician@ch.amrita.edu: Req #47. Stock Breadboard issued 0 -> 1
2025-11-12 14:44:06,869 - COLLECTION by lab_tecnician@ch.amrita.edu: Req #46. 1 working, 0 not working.
2025-11-12 14:44:14,192 - COLLECTION by lab_tecnician@ch.amrita.edu: Req #47. 1 working, 0 not working.
2025-11-12 14:45:18,698 - APPROVAL by lab_incharge@ch.amrita.edu: Req #48. Item Servo Motor (SG90) approved for issue.
2025-11-12 14:45:18,698 - APPROVAL by lab_incharge@ch.amrita.edu: Req #49. Item ESP32 -S3 approved for issue.
2025-11-12 14:46:26,838 - ISSUE by lab_tecnician@ch.amrita.edu: Req #48. Stock Servo Motor (SG90) issued 0 -> 1
2025-11-12 14:46:29,680 - ISSUE by lab_tecnician@ch.amrita.edu: Req #49. Stock ESP32 -S3 issued 0 -> 1
2025-11-12 14:46:40,829 - COLLECTION by lab_tecnician@ch.amrita.edu: Req #48. 1 working, 0 not working.
2025-11-12 14:46:48,769 - COLLECTION by lab_tecnician@ch.amrita.edu: Req #49. 1 working, 0 not working.
2025-11-12 14:48:04,301 - PURCHASE by lab_incharge@ch.amrita.edu: Req #50 (Raspberry Pico) marked as Purchased.
2025-11-12 15:06:07,368 - CANCELLED by faculty_member@ch.amrita.edu: Req #51.
2025-11-12 15:06:57,545 - CANCELLED by ch.en.u4rai24056@ch.students.amrita.edu: Req #53.
2025-11-12 15:07:02,752 - CANCELLED by ch.en.u4rai24056@ch.students.amrita.edu: Req #52.
2025-11-12 15:21:37,177 - APPROVAL by lab_incharge@ch.amrita.edu: Req #54. Item Arduino Uno approved for issue.
2025-11-12 15:22:02,631 - CANCELLED by lab_tecnician@ch.amrita.edu: Req #54 (was Approved).
2025-11-12 16:14:18,744 - CANCELLED by ch.en.u4rai24056@ch.students.amrita.edu: Req #55 (was Pending Mentor). Remarks: competiton called off
2025-11-12 16:15:12,706 - APPROVAL by lab_incharge@ch.amrita.edu: Req #56. Item Breadboard approved for issue.
2025-11-12 16:18:06,182 - CANCELLED by lab_tecnician@ch.amrita.edu: Req #56 (was Approved). Remarks: student did not need it
2025-11-12 16:20:39,107 - CANCELLED by faculty_member@ch.amrita.edu: Req #57 (was Pending Incharge). Remarks: no longer required
2025-11-12 16:20:51,327 - CANCELLED by faculty_member@ch.amrita.edu: Req #58 (was Pending Incharge). Remarks: wrong entry
2025-11-12 16:40:30,839 - ISSUE by lab_tecnician@ch.amrita.edu: Req #59. Stock Servo Motor (SG90) issued 0 -> 1
2025-11-12 16:40:33,734 - ISSUE by lab_tecnician@ch.amrita.edu: Req #60. Stock Ultrasonic Sensor issued 0 -> 1
2025-11-12 16:42:30,602 - APPROVAL by lab_incharge@ch.amrita.edu: Req #61. Item Ultrasonic Sensor approved for issue.
2025-11-12 16:42:30,602 - APPROVAL by lab_incharge@ch.amrita.edu: Req #62. Item Raspberry Pi 4 approved for issue.
2025-11-12 16:42:49,536 - ISSUE by lab_tecnician@ch.amrita.edu: Req #61. Stock Ultrasonic Sensor issued 1 -> 2
2025-11-12 16:42:52,454 - ISSUE by lab_tecnician@ch.amrita.edu: Req #62. Stock Raspberry Pi 4 issued 0 -> 1
2025-11-12 16:52:49,233 - APPROVAL by lab_incharge@ch.amrita.edu: Req #67. Item Arduino Uno approved for issue.
2025-11-12 16:52:49,233 - APPROVAL by lab_incharge@ch.amrita.edu: Req #68. Item ESP32 -S3 approved for issue.
2025-11-12 16:52:49,234 - APPROVAL by lab_incharge@ch.amrita.edu: Req #69. Item Breadboard approved for issue.
2025-11-12 16:52:54,676 - APPROVAL by lab_incharge@ch.amrita.edu: Req #64. Item Servo Motor (SG90) approved for issue.
2025-11-12 16:52:58,243 - APPROVAL by lab_incharge@ch.amrita.edu: Req #63. Item Arduino Uno approved for issue.
2025-11-12 16:53:04,584 - PURCHASE by lab_incharge@ch.amrita.edu: Req #70 (Raspberry Pico) marked as Purchased.
2025-11-12 16:54:40,521 - ISSUE by lab_tecnician@ch.amrita.edu: Req #64. Stock Servo Motor (SG90) issued 1 -> 6
2025-11-12 16:54:56,514 - COLLECTION by lab_tecnician@ch.amrita.edu: Req #64. 4 working, 1 not working.
2025-11-12 16:55:18,152 - COLLECTION by lab_tecnician@ch.amrita.edu: Req #59. 1 working, 0 not working.
2025-11-12 16:55:23,770 - ISSUE by lab_tecnician@ch.amrita.edu: Req #63. Stock Arduino Uno issued 0 -> 1
2025-11-12 16:55:26,623 - ISSUE by lab_tecnician@ch.amrita.edu: Req #67. Stock Arduino Uno issued 1 -> 2
2025-11-12 16:55:29,357 - ISSUE by lab_tecnician@ch.amrita.edu: Req #69. Stock Breadboard issued 0 -> 1
2025-11-12 16:55:38,120 - COLLECTION by lab_tecnician@ch.amrita.edu: Req #61. 1 working, 0 not working.
2025-11-12 16:55:41,024 - ISSUE by lab_tecnician@ch.amrita.edu: Req #68. Stock ESP32 -S3 issued 0 -> 1
2025-11-12 16:55:48,136 - COLLECTION by lab_tecnician@ch.amrita.edu: Req #60. 1 working, 0 not working.
2025-11-12 16:55:50,868 - ISSUE by lab_tecnician@ch.amrita.edu: Req #65. Stock Servo Motor (SG90) issued 0 -> 1
2025-11-12 16:55:59,585 - COLLECTION by lab_tecnician@ch.amrita.edu: Req #62. 1 working, 0 not working.
2025-11-12 16:56:07,973 - COLLECTION by lab_tecnician@ch.amrita.edu: Req #65. 1 working, 0 not working.
2025-11-12 16:56:11,127 - ISSUE by lab_tecnician@ch.amrita.edu: Req #66. Stock ESP32 -S3 issued 1 -> 2
2025-11-12 16:56:18,672 - COLLECTION by lab_tecnician@ch.amrita.edu: Req #63. 1 working, 0 not working.
2025-11-12 16:56:26,576 - COLLECTION by lab_tecnician@ch.amrita.edu: Req #67. 1 working, 0 not working.
2025-11-12 16:56:34,184 - COLLECTION by lab_tecnician@ch.amrita.edu: Req #66. 1 working, 0 not working.
2025-11-12 16:56:42,061 - COLLECTION by lab_tecnician@ch.amrita.edu: Req #69. 1 working, 0 not working.
2025-11-12 16:56:49,048 - COLLECTION by lab_tecnician@ch.amrita.edu: Req #68. 1 working, 0 not working.
2025-11-12 19:02:50,506 - ISSUE by lab_tecnician@ch.amrita.edu: Req #1. Stock Raspberry Pi 4 issued 0 -> 1
2025-11-12 21:59:37,666 - APPROVAL by lab_incharge@ch.amrita.edu: Req #3. Item Raspberry Pi 4 approved for issue.
2025-11-12 21:59:37,667 - APPROVAL by lab_incharge@ch.amrita.edu: Req #4. Item Ultrasonic Sensor approved for issue.
2025-11-12 21:59:37,667 - APPROVAL by lab_incharge@ch.amrita.edu: Req #5. Item Breadboard approved for issue.
2025-11-12 21:59:42,446 - APPROVAL by lab_incharge@ch.amrita.edu: Req #6. Item Ultrasonic Sensor approved for issue.
2025-11-12 21:59:42,446 - APPROVAL by lab_incharge@ch.amrita.edu: Req #7. Item Servo Motor (SG90) approved for issue.
2025-11-12 21:59:42,446 - APPROVAL by lab_incharge@ch.amrita.edu: Req #8. Item ESP32 -S3 approved for issue.
2025-11-12 21:59:42,446 - APPROVAL by lab_incharge@ch.amrita.edu: Req #9. Item Breadboard approved for issue.
2025-11-12 21:59:46,141 - APPROVAL by lab_incharge@ch.amrita.edu: Req #10. Item Raspberry Pi 4 approved for issue.
2025-11-12 21:59:46,141 - APPROVAL by lab_incharge@ch.amrita.edu: Req #11. Item Arduino Uno approved for issue.
2025-11-12 22:10:37,347 - APPROVAL by lab_incharge@ch.amrita.edu: Req #5. Item Raspberry Pi 4 approved for issue.
2025-11-12 22:10:37,347 - APPROVAL by lab_incharge@ch.amrita.edu: Req #6. Item Breadboard approved for issue.
2025-11-12 22:10:37,347 - APPROVAL by lab_incharge@ch.amrita.edu: Req #7. Item Arduino Uno approved for issue.
2025-11-12 22:10:37,347 - APPROVAL by lab_incharge@ch.amrita.edu: Req #8. Item Servo Motor (SG90) approved for issue.
2025-11-12 22:10:37,347 - APPROVAL by lab_incharge@ch.amrita.edu: Req #9. Item Ultrasonic Sensor approved for issue.
2025-11-12 22:10:53,428 - APPROVAL by lab_incharge@ch.amrita.edu: Req #10. Item Raspberry Pi 4 approved for issue.
2025-11-12 22:10:53,428 - APPROVAL by lab_incharge@ch.amrita.edu: Req #11. Item Servo Motor (SG90) approved for issue.
2025-11-12 22:10:53,428 - APPROVAL by lab_incharge@ch.amrita.edu: Req #12. Item Ultrasonic Sensor approved for issue.
2025-11-12 22:10:53,428 - APPROVAL by lab_incharge@ch.amrita.edu: Req #13. Item Breadboard approved for issue.
2025-11-12 22:10:53,429 - APPROVAL by lab_incharge@ch.amrita.edu: Req #14. Item ESP32 -S3 approved for issue.
2025-11-12 22:10:53,429 - APPROVAL by lab_incharge@ch.amrita.edu: Req #15. Item Arduino Uno approved for issue.
2025-11-12 22:11:14,802 - ISSUE by lab_tecnician@ch.amrita.edu: Req #1. Stock ESP32 -S3 issued 0 -> 1
2025-11-12 22:11:19,811 - ISSUE by lab_tecnician@ch.amrita.edu: Req #2. Stock Breadboard issued 0 -> 1
2025-11-12 22:11:23,464 - ISSUE by lab_tecnician@ch.amrita.edu: Req #3. Stock Servo Motor (SG90) issued 0 -> 4
2025-11-12 22:11:27,006 - ISSUE by lab_tecnician@ch.amrita.edu: Req #4. Stock Ultrasonic Sensor issued 0 -> 4
2025-11-12 22:11:31,454 - ISSUE by lab_tecnician@ch.amrita.edu: Req #5. Stock Raspberry Pi 4 issued 0 -> 1
2025-11-12 22:11:35,544 - ISSUE by lab_tecnician@ch.amrita.edu: Req #6. Stock Breadboard issued 1 -> 2
2025-11-12 22:11:40,141 - ISSUE by lab_tecnician@ch.amrita.edu: Req #7. Stock Arduino Uno issued 0 -> 4
2025-11-12 22:11:43,616 - ISSUE by lab_tecnician@ch.amrita.edu: Req #8. Stock Servo Motor (SG90) issued 4 -> 9
2025-11-12 22:11:47,301 - ISSUE by lab_tecnician@ch.amrita.edu: Req #9. Stock Ultrasonic Sensor issued 4 -> 8
2025-11-12 22:11:50,895 - ISSUE by lab_tecnician@ch.amrita.edu: Req #10. Stock Raspberry Pi 4 issued 1 -> 3
2025-11-12 22:11:54,725 - ISSUE by lab_tecnician@ch.amrita.edu: Req #11. Stock Servo Motor (SG90) issued 9 -> 19
2025-11-12 22:11:59,549 - ISSUE by lab_tecnician@ch.amrita.edu: Req #12. Stock Ultrasonic Sensor issued 8 -> 15
2025-11-12 22:12:03,276 - ISSUE by lab_tecnician@ch.amrita.edu: Req #13. Stock Breadboard issued 2 -> 4
2025-11-12 22:12:06,966 - ISSUE by lab_tecnician@ch.amrita.edu: Req #14. Stock ESP32 -S3 issued 1 -> 4
2025-11-12 22:12:10,816 - ISSUE by lab_tecnician@ch.amrita.edu: Req #15. Stock Arduino Uno issued 4 -> 8
2025-11-12 22:15:13,486 - APPROVAL by lab_incharge@ch.amrita.edu: Req #16. Item Raspberry Pi 4 approved for issue.
2025-11-12 22:15:13,486 - APPROVAL by lab_incharge@ch.amrita.edu: Req #17. Item Breadboard approved for issue.
2025-11-12 22:15:13,486 - APPROVAL by lab_incharge@ch.amrita.edu: Req #18. Item Ultrasonic Sensor approved for issue.
2025-11-12 22:15:29,820 - PURCHASE by lab_incharge@ch.amrita.edu: Req #19 (Raspberry Pico) marked as Purchased.
2025-11-12 22:16:00,576 - ISSUE by lab_tecnician@ch.amrita.edu: Req #16. Stock Raspberry Pi 4 issued 3 -> 4
2025-11-12 22:16:04,841 - ISSUE by lab_tecnician@ch.amrita.edu: Req #17. Stock Breadboard issued 4 -> 6
2025-11-12 22:16:08,697 - ISSUE by lab_tecnician@ch.amrita.edu: Req #18. Stock Ultrasonic Sensor issued 15 -> 20
2025-11-12 22:16:26,491 - COLLECTION by lab_tecnician@ch.amrita.edu: Req #3. 2 working, 2 not working.
2025-11-12 22:16:48,833 - COLLECTION by lab_tecnician@ch.amrita.edu: Req #4. 3 working, 1 not working.
2025-11-12 22:16:59,965 - COLLECTION by lab_tecnician@ch.amrita.edu: Req #7. 4 working, 0 not working.
2025-11-12 22:17:09,690 - COLLECTION by lab_tecnician@ch.amrita.edu: Req #10. 2 working, 0 not working.
2025-11-13 00:54:52,920 - APPROVAL by lab_incharge@ch.amrita.edu: Req #20. Item Arduino Uno approved for issue.
2025-11-13 00:54:52,920 - APPROVAL by lab_incharge@ch.amrita.edu: Req #21. Item Servo Motor (SG90) approved for issue.
2025-11-13 00:55:12,389 - ISSUE by lab_tecnician@ch.amrita.edu: Req #20. Stock Arduino Uno issued 4 -> 5. Drawer: 1
2025-11-13 00:55:18,840 - ISSUE by lab_tecnician@ch.amrita.edu: Req #21. Stock Servo Motor (SG90) issued 15 -> 16. Drawer: 1
